

/******************************************************************************************
* WriteStepFile diagnostics.
* Date:                           Sun Apr 26 09:15:57 2020 
* Produced by:                    The EXPRESS Data Manager Version 5.02.0100.07 : 28 Aug 2013
* Module:                         EDMstepFileFactory/EDMstandAlone
* Host:                           DESKTOP-D1P4R3R
* Database:                       C:\Users\NGUYEN\AppData\Local\Temp\{B13EE37A-4377-48FA-911B-5E27A976F347}\ifc
* Database version:               5507
* Database creation date:         Sun Apr 26 09:15:55 2020
* Model:                          DataRepository.ifc
* Model creation date:            Sun Apr 26 09:15:56 2020
* Header model:                   DataRepository.ifc_HeaderModel
* Header model creation date:     Sun Apr 26 09:15:56 2020
* Step file:                      Mur avec ouverture.ifc
* EDMuser:                        sdai-user
* EDMgroup:                       sdai-group
* License ID and type:            5605 : Permanent license. Expiry date: 
* EDMstepFileFactory options:     020000
******************************************************************************************/


------------------------------------------------------------------------------------------------
Operation terminated successfully.
------------------------------------------------------------------------------------------------

