

/******************************************************************************************
* WriteStepFile diagnostics.
* Date:                           Sun Apr 26 09:24:57 2020 
* Produced by:                    The EXPRESS Data Manager Version 5.02.0100.07 : 28 Aug 2013
* Module:                         EDMstepFileFactory/EDMstandAlone
* Host:                           DESKTOP-D1P4R3R
* Database:                       C:\Users\NGUYEN\AppData\Local\Temp\{80B012CF-20C5-4590-8992-414ADABEE5A3}\ifc
* Database version:               5507
* Database creation date:         Sun Apr 26 09:24:55 2020
* Model:                          DataRepository.ifc
* Model creation date:            Sun Apr 26 09:24:55 2020
* Header model:                   DataRepository.ifc_HeaderModel
* Header model creation date:     Sun Apr 26 09:24:55 2020
* Step file:                      Mur avec porte.ifc
* EDMuser:                        sdai-user
* EDMgroup:                       sdai-group
* License ID and type:            5605 : Permanent license. Expiry date: 
* EDMstepFileFactory options:     020000
******************************************************************************************/


------------------------------------------------------------------------------------------------
Operation terminated successfully.
------------------------------------------------------------------------------------------------

