

/******************************************************************************************
* WriteStepFile diagnostics.
* Date:                           Thu Apr 23 20:11:20 2020 
* Produced by:                    The EXPRESS Data Manager Version 5.02.0100.07 : 28 Aug 2013
* Module:                         EDMstepFileFactory/EDMstandAlone
* Host:                           DESKTOP-D1P4R3R
* Database:                       C:\Users\NGUYEN\AppData\Local\Temp\{754B06FF-8AD0-46A5-AAEE-CA8E230B2620}\ifc
* Database version:               5507
* Database creation date:         Thu Apr 23 20:11:19 2020
* Model:                          DataRepository.ifc
* Model creation date:            Thu Apr 23 20:11:19 2020
* Header model:                   DataRepository.ifc_HeaderModel
* Header model creation date:     Thu Apr 23 20:11:19 2020
* Step file:                      Projet2.ifc
* EDMuser:                        sdai-user
* EDMgroup:                       sdai-group
* License ID and type:            5605 : Permanent license. Expiry date: 
* EDMstepFileFactory options:     020000
******************************************************************************************/


------------------------------------------------------------------------------------------------
Operation terminated successfully.
------------------------------------------------------------------------------------------------

