

/******************************************************************************************
* WriteStepFile diagnostics.
* Date:                           Thu Apr 23 20:36:39 2020 
* Produced by:                    The EXPRESS Data Manager Version 5.02.0100.07 : 28 Aug 2013
* Module:                         EDMstepFileFactory/EDMstandAlone
* Host:                           DESKTOP-D1P4R3R
* Database:                       C:\Users\NGUYEN\AppData\Local\Temp\{7A6A9030-BA55-426D-9DF9-1D7D68B355D9}\ifc
* Database version:               5507
* Database creation date:         Thu Apr 23 20:36:37 2020
* Model:                          DataRepository.ifc
* Model creation date:            Thu Apr 23 20:36:38 2020
* Header model:                   DataRepository.ifc_HeaderModel
* Header model creation date:     Thu Apr 23 20:36:38 2020
* Step file:                      Projet1.ifc
* EDMuser:                        sdai-user
* EDMgroup:                       sdai-group
* License ID and type:            5605 : Permanent license. Expiry date: 
* EDMstepFileFactory options:     020000
******************************************************************************************/


------------------------------------------------------------------------------------------------
Operation terminated successfully.
------------------------------------------------------------------------------------------------

