

/******************************************************************************************
* ReadStepFile diagnostics.
* Date:                           Mon Apr 27 10:00:25 2020
* Produced by:                    The EXPRESS Data Manager Version 5.02.0100.07 : 28 Aug 2013
* Module:                         EDMstepFileFactory/EDMstandAlone
* Host:                           POR80071383
* Database:                       D:\DATA\mh.nguyen.EGIS\AppData\Local\Temp\{C67495CD-E931-41DA-BC9D-892538E1DEA9}\ifc
* Database version:               5507
* Database creation date:         Mon Apr 27 10:00:25 2020
* Model to populate:              DataRepository.ifcimport
* Header model to populate:       
* Step file name:                 WallArc.ifc
* EDMuser:                        sdai-user
* EDMgroup:                       sdai-group
* License ID and type:            5605 : Permanent license. Expiry date: 
* EDMstepFileFactory options:     010201000002
******************************************************************************************/


------------------------------------------------------------------------------------------------
 Operation terminated successfully.
------------------------------------------------------------------------------------------------

